<?xml version="1.0" encoding="UTF-8"?>
<!-- Generated by org.testng.reporters.JUnitXMLReporter -->
<testsuite ignored="3" hostname="DESKTOP-QQJG5DE" failures="0" tests="2" name="Test1" time="0.088" errors="0" timestamp="2023-01-18T12:01:16 IST">
  <testcase classname="Practice_Maven.SimpleTest1" name="test1" time="0.013"/>
  <testcase classname="Practice_Maven.SimpleTest1" name="test2" time="0.005"/>
  <testcase classname="Practice_Maven.CreateTest" name="edit" time="0.0">
    <ignored/>
  </testcase> <!-- edit -->
  <testcase classname="Practice_Maven.DeleteTest" name="delete" time="0.0">
    <ignored/>
  </testcase> <!-- delete -->
  <testcase classname="Practice_Maven.CreateTest" name="create" time="0.0">
    <ignored/>
  </testcase> <!-- create -->
</testsuite> <!-- Test1 -->
