<?xml version="1.0" encoding="UTF-8"?>
<testng-results ignored="0" total="1" passed="1" failed="0" skipped="0">
  <reporter-output>
  </reporter-output>
  <suite started-at="2023-01-18T14:40:40 IST" name="ProjectForMaven by packages" finished-at="2023-01-18T14:40:44 IST" duration-ms="4416">
    <groups>
    </groups>
    <test started-at="2023-01-18T14:40:40 IST" name="MavenProject" finished-at="2023-01-18T14:40:44 IST" duration-ms="4416">
      <class name="MavenProject.ProjectTest">
        <test-method signature="createTest()[pri:0, instance:MavenProject.ProjectTest@2fd1433e]" started-at="2023-01-18T14:40:40 IST" name="createTest" finished-at="2023-01-18T14:40:44 IST" duration-ms="4353" status="PASS">
          <reporter-output>
          </reporter-output>
        </test-method> <!-- createTest -->
      </class> <!-- MavenProject.ProjectTest -->
    </test> <!-- MavenProject -->
  </suite> <!-- ProjectForMaven by packages -->
</testng-results>
